88 tests succeeded.
2 tests failed.
== Output of failed tests ==
=====================================================
= Results for freevar-in-method.py =
=====================================================
=== Expected stdout ===

=== Actual stdout ===

=== Expected stderr ===

=== Actual stderr ===
exception: Exception: Assert failed: values are not Equal: functionvar
=====================================================
= Results for locals-function.py =
=====================================================
=== Expected stdout ===

=== Actual stdout ===

=== Expected stderr ===

=== Actual stderr ===
exception: Exception: Assert failed: values are not Equal: { w:6 y:7 }{ w:6 x:2 y:7 }
